smoke: commands[0]> pytest --doctest-modules --ignore tests/test_parsing_by_datasets
============================= test session starts ==============================
platform linux -- Python 3.10.18, pytest-8.4.1, pluggy-1.6.0
cachedir: .tox/smoke/.pytest_cache
rootdir: /sandbox/MountAndBladeWarband/WarbandAssistant
plugins: typeguard-4.4.4
collected 19 items

src/wa_language/Language.py ..                                           [ 10%]
src/wa_language/model/LangKeyChecker.py .                                [ 15%]
src/wa_language/syntax/Binary.py ..                                      [ 26%]
src/wa_language/syntax/Field.py .                                        [ 31%]
src/wa_language/syntax/Identifier.py ..                                  [ 42%]
src/wa_language/syntax/Interpolation.py ....                             [ 63%]
src/wa_language/syntax/Ternary.py .                                      [ 68%]
src/wa_types/Box.py ..                                                   [ 78%]
tests/datasets_test.py ....                                              [100%]

============================= 19 passed in 11.54s ==============================
smoke: OK ✔ in 11.95 seconds
by_dialog_titles_ds: commands[0]> pytest tests/test_parsing_by_datasets/dialog_title_by_dataset_test.py
============================= test session starts ==============================
platform linux -- Python 3.10.18, pytest-8.4.1, pluggy-1.6.0
cachedir: .tox/by_dialog_titles_ds/.pytest_cache
rootdir: /sandbox/MountAndBladeWarband/WarbandAssistant
plugins: typeguard-4.4.4
collected 212 items

tests/test_parsing_by_datasets/dialog_title_by_dataset_test.py ......... [  4%]
........................................................................ [ 38%]
........................................................................ [ 72%]
...........................................................              [100%]

============================= 212 passed in 21.88s =============================
by_dialog_titles_ds: OK ✔ in 22.13 seconds
by_dialog_relations_ds: commands[0]> pytest tests/test_parsing_by_datasets/dialog_relation_by_dataset_test.py
============================= test session starts ==============================
platform linux -- Python 3.10.18, pytest-8.4.1, pluggy-1.6.0
cachedir: .tox/by_dialog_relations_ds/.pytest_cache
rootdir: /sandbox/MountAndBladeWarband/WarbandAssistant
plugins: typeguard-4.4.4
collected 33 items

tests/test_parsing_by_datasets/dialog_relation_by_dataset_test.py ...... [ 18%]
...........................                                              [100%]

============================== 33 passed in 3.26s ==============================
by_dialog_relations_ds: OK ✔ in 3.46 seconds
by_map_calendars_ds: commands[0]> pytest tests/test_parsing_by_datasets/map_calendar_by_dataset_test.py
============================= test session starts ==============================
platform linux -- Python 3.10.18, pytest-8.4.1, pluggy-1.6.0
cachedir: .tox/by_map_calendars_ds/.pytest_cache
rootdir: /sandbox/MountAndBladeWarband/WarbandAssistant
plugins: typeguard-4.4.4
collected 336 items

tests/test_parsing_by_datasets/map_calendar_by_dataset_test.py ......... [  2%]
........................................................................ [ 24%]
........................................................................ [ 45%]
........................................................................ [ 66%]
........................................................................ [ 88%]
.......................................                                  [100%]

============================= 336 passed in 31.30s =============================
  smoke: OK (11.95=setup[0.03]+cmd[11.92] seconds)
  by_dialog_titles_ds: OK (22.13=setup[0.00]+cmd[22.13] seconds)
  by_dialog_relations_ds: OK (3.46=setup[0.01]+cmd[3.45] seconds)
  by_map_calendars_ds: OK (31.52=setup[0.01]+cmd[31.52] seconds)
  congratulations :) (69.10 seconds)
