smoke: commands[0]> pytest --doctest-modules --ignore tests/test_parsing_by_datasets --ignore utils --ignore tox.py --ignore tests/DialogScreenManager_tests.py
============================= test session starts ==============================
platform linux -- Python 3.10.18, pytest-8.4.1, pluggy-1.6.0
cachedir: .tox/smoke/.pytest_cache
rootdir: /sandbox/MountAndBladeWarband/WarbandAssistant
plugins: cases-3.9.1, typeguard-4.4.4
collecting ... collecting 25 items                                                            collected 25 items                                                             

src/wa_language/KeyChecker.py .                                          [  4%]
src/wa_language/LangKey.py .                                             [  8%]
src/wa_language/semantics_test.py .........                              [ 44%]
src/wa_language/syntax/Interpolation.py .                                [ 48%]
src/wa_language/syntax/parser.py .....                                   [ 68%]
src/wa_language/syntax/syntax_test.py .                                  [ 72%]
src/wa_types/Box.py ..                                                   [ 80%]
tests/datasets_test.py .....                                             [100%]

============================== 25 passed in 1.76s ==============================
smoke: OK ✔ in 1.98 seconds
dialog_bodies: commands[0]> pytest tests/test_parsing_by_datasets/dialog_body_by_dataset_test.py
============================= test session starts ==============================
platform linux -- Python 3.10.18, pytest-8.4.1, pluggy-1.6.0
cachedir: .tox/dialog_bodies/.pytest_cache
rootdir: /sandbox/MountAndBladeWarband/WarbandAssistant
plugins: cases-3.9.1, typeguard-4.4.4
collecting ... collecting 55 items                                                            collected 55 items                                                             

tests/test_parsing_by_datasets/dialog_body_by_dataset_test.py .......... [ 18%]
.............................................                            [100%]

total time    : 9.4243 sec
collec time   : 0.9102 sec
setups time   : 0.5865 sec
calls time    : 7.8887 sec
avg call time : 0.1434 sec
passed        : 55 / 55

============================== 55 passed in 9.42s ==============================
dialog_bodies: OK ✔ in 9.69 seconds
dialog_titles: commands[0]> pytest tests/test_parsing_by_datasets/dialog_title_by_dataset_test.py
============================= test session starts ==============================
platform linux -- Python 3.10.18, pytest-8.4.1, pluggy-1.6.0
cachedir: .tox/dialog_titles/.pytest_cache
rootdir: /sandbox/MountAndBladeWarband/WarbandAssistant
plugins: cases-3.9.1, typeguard-4.4.4
collecting ... collecting 232 items                                                           collected 232 items                                                            

tests/test_parsing_by_datasets/dialog_title_by_dataset_test.py ......... [  3%]
........................................................................ [ 34%]
........................................................................ [ 65%]
........................................................................ [ 96%]
.......                                                                  [100%]

total time    : 21.9734 sec
collec time   : 1.1584 sec
setups time   : 0.9198 sec
calls time    : 19.7285 sec
avg call time : 0.0850 sec
passed        : 232 / 232

============================= 232 passed in 21.97s =============================
dialog_titles: OK ✔ in 22.29 seconds
dialog_relations: commands[0]> pytest tests/test_parsing_by_datasets/dialog_relation_by_dataset_test.py
============================= test session starts ==============================
platform linux -- Python 3.10.18, pytest-8.4.1, pluggy-1.6.0
cachedir: .tox/dialog_relations/.pytest_cache
rootdir: /sandbox/MountAndBladeWarband/WarbandAssistant
plugins: cases-3.9.1, typeguard-4.4.4
collecting ... collecting 40 items                                                            collected 40 items                                                             

tests/test_parsing_by_datasets/dialog_relation_by_dataset_test.py ...... [ 15%]
..................................                                       [100%]

total time    : 3.9643 sec
collec time   : 0.6440 sec
setups time   : 0.1117 sec
calls time    : 3.1807 sec
avg call time : 0.0795 sec
passed        : 40 / 40

============================== 40 passed in 3.96s ==============================
dialog_relations: OK ✔ in 4.21 seconds
map_calendars: commands[0]> pytest tests/test_parsing_by_datasets/map_calendar_by_dataset_test.py
============================= test session starts ==============================
platform linux -- Python 3.10.18, pytest-8.4.1, pluggy-1.6.0
cachedir: .tox/map_calendars/.pytest_cache
rootdir: /sandbox/MountAndBladeWarband/WarbandAssistant
plugins: cases-3.9.1, typeguard-4.4.4
collecting ... collecting 463 items                                                           collected 463 items                                                            

tests/test_parsing_by_datasets/map_calendar_by_dataset_test.py ......... [  1%]
........................................................................ [ 17%]
........................................................................ [ 33%]
........................................................................ [ 48%]
........................................................................ [ 64%]
........................................................................ [ 79%]
........................................................................ [ 95%]
......................                                                   [100%]

total time    : 42.0313 sec
collec time   : 1.1565 sec
setups time   : 1.6148 sec
calls time    : 38.9164 sec
avg call time : 0.0841 sec
passed        : 463 / 463

============================= 463 passed in 42.03s =============================
  smoke: OK (1.98=setup[0.03]+cmd[1.95] seconds)
  dialog_bodies: OK (9.69=setup[0.01]+cmd[9.68] seconds)
  dialog_titles: OK (22.29=setup[0.01]+cmd[22.28] seconds)
  dialog_relations: OK (4.21=setup[0.01]+cmd[4.21] seconds)
  map_calendars: OK (42.39=setup[0.00]+cmd[42.38] seconds)
  congratulations :) (80.61 seconds)

