smoke: commands[0]> pytest --doctest-modules --ignore tests/test_parsing_by_datasets --ignore utils/map_calendars_add_overlapped.py --ignore tox.py
============================= test session starts ==============================
platform linux -- Python 3.10.18, pytest-8.4.1, pluggy-1.6.0
cachedir: .tox/smoke/.pytest_cache
rootdir: /sandbox/MountAndBladeWarband/WarbandAssistant
plugins: cases-3.9.1, typeguard-4.4.4
collecting ... collecting 13 items                                                            collecting 13 items                                                            collecting 13 items                                                            collecting 17 items                                                            collecting 17 items                                                            collected 17 items                                                             

src/wa_language/Language.py ..                                           [ 11%]
src/wa_language/model/LangKeyChecker.py .                                [ 17%]
src/wa_language/syntax/Interpolation.py ..                               [ 29%]
src/wa_language/syntax/parser.py .....                                   [ 58%]
src/wa_language/syntax/syntax_test.py .                                  [ 64%]
src/wa_types/Box.py ..                                                   [ 76%]
tests/datasets_test.py ....                                              [100%]

============================= 17 passed in 13.10s ==============================
smoke: OK ✔ in 13.49 seconds
dialog_bodies: commands[0]> pytest tests/test_parsing_by_datasets/dialog_body_by_dataset_test.py
============================= test session starts ==============================
platform linux -- Python 3.10.18, pytest-8.4.1, pluggy-1.6.0
cachedir: .tox/dialog_bodies/.pytest_cache
rootdir: /sandbox/MountAndBladeWarband/WarbandAssistant
plugins: cases-3.9.1, typeguard-4.4.4
collecting ... collecting 55 items                                                            collected 55 items                                                             

tests/test_parsing_by_datasets/dialog_body_by_dataset_test.py .......... [ 18%]
.............................................                            [100%]

total time    : 12.0305 sec
collec time   : 3.4573 sec
setups time   : 0.6072 sec
calls time    : 7.9263 sec
avg call time : 0.1441 sec
passed        : 55 / 55

============================= 55 passed in 12.03s ==============================
dialog_bodies: OK ✔ in 12.28 seconds
dialog_titles: commands[0]> pytest tests/test_parsing_by_datasets/dialog_title_by_dataset_test.py
============================= test session starts ==============================
platform linux -- Python 3.10.18, pytest-8.4.1, pluggy-1.6.0
cachedir: .tox/dialog_titles/.pytest_cache
rootdir: /sandbox/MountAndBladeWarband/WarbandAssistant
plugins: cases-3.9.1, typeguard-4.4.4
collecting ... collecting 232 items                                                           collected 232 items                                                            

tests/test_parsing_by_datasets/dialog_title_by_dataset_test.py ......... [  3%]
........................................................................ [ 34%]
........................................................................ [ 65%]
........................................................................ [ 96%]
.......                                                                  [100%]

total time    : 24.6273 sec
collec time   : 3.7872 sec
setups time   : 0.0660 sec
calls time    : 20.6036 sec
avg call time : 0.0888 sec
passed        : 232 / 232

============================= 232 passed in 24.63s =============================
dialog_titles: OK ✔ in 24.91 seconds
dialog_relations: commands[0]> pytest tests/test_parsing_by_datasets/dialog_relation_by_dataset_test.py
============================= test session starts ==============================
platform linux -- Python 3.10.18, pytest-8.4.1, pluggy-1.6.0
cachedir: .tox/dialog_relations/.pytest_cache
rootdir: /sandbox/MountAndBladeWarband/WarbandAssistant
plugins: cases-3.9.1, typeguard-4.4.4
collecting ... collecting 40 items                                                            collected 40 items                                                             

tests/test_parsing_by_datasets/dialog_relation_by_dataset_test.py ...... [ 15%]
..................................                                       [100%]

total time    : 4.0077 sec
collec time   : 0.7989 sec
setups time   : 0.0108 sec
calls time    : 3.1725 sec
avg call time : 0.0793 sec
passed        : 40 / 40

============================== 40 passed in 4.01s ==============================
dialog_relations: OK ✔ in 4.24 seconds
map_calendars: commands[0]> pytest tests/test_parsing_by_datasets/map_calendar_by_dataset_test.py
============================= test session starts ==============================
platform linux -- Python 3.10.18, pytest-8.4.1, pluggy-1.6.0
cachedir: .tox/map_calendars/.pytest_cache
rootdir: /sandbox/MountAndBladeWarband/WarbandAssistant
plugins: cases-3.9.1, typeguard-4.4.4
collecting ... collecting 436 items                                                           collected 436 items                                                            

tests/test_parsing_by_datasets/map_calendar_by_dataset_test.py ......... [  2%]
........................................................................ [ 18%]
........................................................................ [ 35%]
........................................................................ [ 51%]
........................................................................ [ 68%]
........................................................................ [ 84%]
...................................................................      [100%]

total time    : 41.1777 sec
collec time   : 2.6185 sec
setups time   : 0.1526 sec
calls time    : 38.0844 sec
avg call time : 0.0873 sec
passed        : 436 / 436

============================= 436 passed in 41.18s =============================
  smoke: OK (13.49=setup[0.03]+cmd[13.45] seconds)
  dialog_bodies: OK (12.28=setup[0.00]+cmd[12.27] seconds)
  dialog_titles: OK (24.91=setup[0.01]+cmd[24.91] seconds)
  dialog_relations: OK (4.24=setup[0.01]+cmd[4.24] seconds)
  map_calendars: OK (41.44=setup[0.00]+cmd[41.43] seconds)
  congratulations :) (96.40 seconds)

