smoke: commands[0]> pytest --doctest-modules --ignore tests/test_parsing_by_datasets --ignore utils --ignore tox.py --ignore tests/DialogScreenManager_tests.py
============================= test session starts ==============================
platform linux -- Python 3.10.18, pytest-8.4.1, pluggy-1.6.0
cachedir: .tox/smoke/.pytest_cache
rootdir: /sandbox/MountAndBladeWarband/WarbandAssistant
plugins: cases-3.9.1, typeguard-4.4.4
collecting ... collecting 20 items                                                            collected 25 items                                                             

src/wa_language/KeyChecker.py .                                          [  4%]
src/wa_language/LangKey.py .                                             [  8%]
src/wa_language/semantics_test.py .........                              [ 44%]
src/wa_language/syntax/Interpolation.py .                                [ 48%]
src/wa_language/syntax/parser.py .....                                   [ 68%]
src/wa_language/syntax/syntax_test.py .                                  [ 72%]
src/wa_types/Box.py ..                                                   [ 80%]
tests/datasets_test.py .....                                             [100%]

============================== 25 passed in 2.40s ==============================
smoke: OK ✔ in 2.63 seconds
dialog_bodies: commands[0]> pytest tests/test_parsing_by_datasets/dialog_body_by_dataset_test.py
============================= test session starts ==============================
platform linux -- Python 3.10.18, pytest-8.4.1, pluggy-1.6.0
cachedir: .tox/dialog_bodies/.pytest_cache
rootdir: /sandbox/MountAndBladeWarband/WarbandAssistant
plugins: cases-3.9.1, typeguard-4.4.4
collecting ... collecting 59 items                                                            collected 59 items                                                             

tests/test_parsing_by_datasets/dialog_body_by_dataset_test.py .......... [ 16%]
.................................................                        [100%]

total time    : 11.1314 sec
collec time   : 2.3217 sec
setups time   : 0.5900 sec
calls time    : 8.1788 sec
avg call time : 0.1386 sec
passed        : 59 / 59

============================= 59 passed in 11.13s ==============================
dialog_bodies: OK ✔ in 11.57 seconds
dialog_titles: commands[0]> pytest tests/test_parsing_by_datasets/dialog_title_by_dataset_test.py
============================= test session starts ==============================
platform linux -- Python 3.10.18, pytest-8.4.1, pluggy-1.6.0
cachedir: .tox/dialog_titles/.pytest_cache
rootdir: /sandbox/MountAndBladeWarband/WarbandAssistant
plugins: cases-3.9.1, typeguard-4.4.4
collecting ... collecting 295 items                                                           collected 295 items                                                            

tests/test_parsing_by_datasets/dialog_title_by_dataset_test.py ......... [  3%]
........................................................................ [ 27%]
........................................................................ [ 51%]
........................................................................ [ 76%]
......................................................................   [100%]

total time    : 25.6996 sec
collec time   : 2.6064 sec
setups time   : 1.1079 sec
calls time    : 21.7805 sec
avg call time : 0.0738 sec
passed        : 295 / 295

============================= 295 passed in 25.70s =============================
dialog_titles: OK ✔ in 26.1 seconds
dialog_relations: commands[0]> pytest tests/test_parsing_by_datasets/dialog_relation_by_dataset_test.py
============================= test session starts ==============================
platform linux -- Python 3.10.18, pytest-8.4.1, pluggy-1.6.0
cachedir: .tox/dialog_relations/.pytest_cache
rootdir: /sandbox/MountAndBladeWarband/WarbandAssistant
plugins: cases-3.9.1, typeguard-4.4.4
collecting ... collecting 57 items                                                            collected 57 items                                                             

tests/test_parsing_by_datasets/dialog_relation_by_dataset_test.py ...... [ 10%]
...................................................                      [100%]

total time    : 5.5455 sec
collec time   : 0.7515 sec
setups time   : 0.1533 sec
calls time    : 4.6026 sec
avg call time : 0.0807 sec
passed        : 57 / 57

============================== 57 passed in 5.54s ==============================
dialog_relations: OK ✔ in 5.82 seconds
map_calendars: commands[0]> pytest tests/test_parsing_by_datasets/map_calendar_by_dataset_test.py
============================= test session starts ==============================
platform linux -- Python 3.10.18, pytest-8.4.1, pluggy-1.6.0
cachedir: .tox/map_calendars/.pytest_cache
rootdir: /sandbox/MountAndBladeWarband/WarbandAssistant
plugins: cases-3.9.1, typeguard-4.4.4
collecting ... collecting 662 items                                                           collected 662 items                                                            

tests/test_parsing_by_datasets/map_calendar_by_dataset_test.py ......... [  1%]
........................................................................ [ 12%]
........................................................................ [ 23%]
........................................................................ [ 33%]
........................................................................ [ 44%]
........................................................................ [ 55%]
........................................................................ [ 66%]
........................................................................ [ 77%]
........................................................................ [ 88%]
........................................................................ [ 99%]
.....                                                                    [100%]

total time    : 51.8601 sec
collec time   : 2.6776 sec
setups time   : 2.1878 sec
calls time    : 46.5125 sec
avg call time : 0.0703 sec
passed        : 662 / 662

============================= 662 passed in 51.86s =============================
  smoke: OK (2.63=setup[0.03]+cmd[2.60] seconds)
  dialog_bodies: OK (11.57=setup[0.00]+cmd[11.56] seconds)
  dialog_titles: OK (26.10=setup[0.01]+cmd[26.09] seconds)
  dialog_relations: OK (5.82=setup[0.01]+cmd[5.81] seconds)
  map_calendars: OK (52.33=setup[0.01]+cmd[52.33] seconds)
  congratulations :) (98.49 seconds)

