smoke: commands[0]> pytest --doctest-modules --ignore tests/test_parsing_by_datasets --ignore utils/map_calendars_add_overlapped.py --ignore tox.py
============================= test session starts ==============================
platform linux -- Python 3.10.18, pytest-8.4.1, pluggy-1.6.0
cachedir: .tox/smoke/.pytest_cache
rootdir: /sandbox/MountAndBladeWarband/WarbandAssistant
plugins: cases-3.9.1, typeguard-4.4.4
collecting ... collecting 17 items                                                            collecting 17 items                                                            collected 21 items                                                             

src/wa_language/LangKey.py .                                             [  4%]
src/wa_language/model/LangKeyChecker.py .                                [  9%]
src/wa_language/semantics_test.py ......                                 [ 38%]
src/wa_language/syntax/Interpolation.py .                                [ 42%]
src/wa_language/syntax/parser.py .....                                   [ 66%]
src/wa_language/syntax/syntax_test.py .                                  [ 71%]
src/wa_types/Box.py ..                                                   [ 80%]
tests/datasets_test.py ....                                              [100%]

============================== 21 passed in 2.58s ==============================
smoke: OK ✔ in 3 seconds
dialog_bodies: commands[0]> pytest tests/test_parsing_by_datasets/dialog_body_by_dataset_test.py
============================= test session starts ==============================
platform linux -- Python 3.10.18, pytest-8.4.1, pluggy-1.6.0
cachedir: .tox/dialog_bodies/.pytest_cache
rootdir: /sandbox/MountAndBladeWarband/WarbandAssistant
plugins: cases-3.9.1, typeguard-4.4.4
collecting ... collected 55 items                                                             

tests/test_parsing_by_datasets/dialog_body_by_dataset_test.py .......... [ 18%]
.............................................                            [100%]

total time    : 9.0663 sec
collec time   : 0.4593 sec
setups time   : 0.6183 sec
calls time    : 7.9515 sec
avg call time : 0.1446 sec
passed        : 55 / 55

============================== 55 passed in 9.06s ==============================
dialog_bodies: OK ✔ in 9.33 seconds
dialog_titles: commands[0]> pytest tests/test_parsing_by_datasets/dialog_title_by_dataset_test.py
============================= test session starts ==============================
platform linux -- Python 3.10.18, pytest-8.4.1, pluggy-1.6.0
cachedir: .tox/dialog_titles/.pytest_cache
rootdir: /sandbox/MountAndBladeWarband/WarbandAssistant
plugins: cases-3.9.1, typeguard-4.4.4
collecting ... collecting 232 items                                                           collected 232 items                                                            

tests/test_parsing_by_datasets/dialog_title_by_dataset_test.py ......... [  3%]
........................................................................ [ 34%]
........................................................................ [ 65%]
........................................................................ [ 96%]
.......                                                                  [100%]

total time    : 21.2097 sec
collec time   : 1.3054 sec
setups time   : 0.0606 sec
calls time    : 19.6972 sec
avg call time : 0.0849 sec
passed        : 232 / 232

============================= 232 passed in 21.21s =============================
dialog_titles: OK ✔ in 21.51 seconds
dialog_relations: commands[0]> pytest tests/test_parsing_by_datasets/dialog_relation_by_dataset_test.py
============================= test session starts ==============================
platform linux -- Python 3.10.18, pytest-8.4.1, pluggy-1.6.0
cachedir: .tox/dialog_relations/.pytest_cache
rootdir: /sandbox/MountAndBladeWarband/WarbandAssistant
plugins: cases-3.9.1, typeguard-4.4.4
collecting ... collected 40 items                                                             

tests/test_parsing_by_datasets/dialog_relation_by_dataset_test.py ...... [ 15%]
..................................                                       [100%]

total time    : 3.4456 sec
collec time   : 0.2649 sec
setups time   : 0.0103 sec
calls time    : 3.1460 sec
avg call time : 0.0787 sec
passed        : 40 / 40

============================== 40 passed in 3.44s ==============================
dialog_relations: OK ✔ in 3.69 seconds
map_calendars: commands[0]> pytest tests/test_parsing_by_datasets/map_calendar_by_dataset_test.py
============================= test session starts ==============================
platform linux -- Python 3.10.18, pytest-8.4.1, pluggy-1.6.0
cachedir: .tox/map_calendars/.pytest_cache
rootdir: /sandbox/MountAndBladeWarband/WarbandAssistant
plugins: cases-3.9.1, typeguard-4.4.4
collecting ... collecting 436 items                                                           collected 436 items                                                            

tests/test_parsing_by_datasets/map_calendar_by_dataset_test.py ......... [  2%]
........................................................................ [ 18%]
........................................................................ [ 35%]
........................................................................ [ 51%]
........................................................................ [ 68%]
........................................................................ [ 84%]
...................................................................      [100%]

total time    : 38.1113 sec
collec time   : 0.8305 sec
setups time   : 0.1416 sec
calls time    : 36.8579 sec
avg call time : 0.0845 sec
passed        : 436 / 436

============================= 436 passed in 38.11s =============================
  smoke: OK (3.00=setup[0.03]+cmd[2.96] seconds)
  dialog_bodies: OK (9.33=setup[0.00]+cmd[9.32] seconds)
  dialog_titles: OK (21.51=setup[0.01]+cmd[21.50] seconds)
  dialog_relations: OK (3.68=setup[0.01]+cmd[3.68] seconds)
  map_calendars: OK (38.38=setup[0.00]+cmd[38.38] seconds)
  congratulations :) (75.94 seconds)

