smoke: commands[0]> pytest --doctest-modules --ignore tests/test_parsing_by_datasets --ignore utils/map_calendars_add_overlapped.py --ignore tox.py
============================= test session starts ==============================
platform linux -- Python 3.10.18, pytest-8.4.1, pluggy-1.6.0
cachedir: .tox/smoke/.pytest_cache
rootdir: /sandbox/MountAndBladeWarband/WarbandAssistant
plugins: cases-3.9.1, typeguard-4.4.4
collecting ... collecting 19 items                                                            collecting 24 items                                                            collected 24 items                                                             

src/wa_language/KeyChecker.py .                                          [  4%]
src/wa_language/LangKey.py .                                             [  8%]
src/wa_language/semantics_test.py ........                               [ 41%]
src/wa_language/syntax/Interpolation.py .                                [ 45%]
src/wa_language/syntax/parser.py .....                                   [ 66%]
src/wa_language/syntax/syntax_test.py .                                  [ 70%]
src/wa_types/Box.py ..                                                   [ 79%]
tests/datasets_test.py .....                                             [100%]

============================== 24 passed in 2.58s ==============================
smoke: OK ✔ in 2.92 seconds
dialog_bodies: commands[0]> pytest tests/test_parsing_by_datasets/dialog_body_by_dataset_test.py
============================= test session starts ==============================
platform linux -- Python 3.10.18, pytest-8.4.1, pluggy-1.6.0
cachedir: .tox/dialog_bodies/.pytest_cache
rootdir: /sandbox/MountAndBladeWarband/WarbandAssistant
plugins: cases-3.9.1, typeguard-4.4.4
collecting ... collecting 55 items                                                            collected 55 items                                                             

tests/test_parsing_by_datasets/dialog_body_by_dataset_test.py .......... [ 18%]
.............................................                            [100%]

total time    : 9.0668 sec
collec time   : 0.5664 sec
setups time   : 0.5941 sec
calls time    : 7.8700 sec
avg call time : 0.1431 sec
passed        : 55 / 55

============================== 55 passed in 9.07s ==============================
dialog_bodies: OK ✔ in 9.34 seconds
dialog_titles: commands[0]> pytest tests/test_parsing_by_datasets/dialog_title_by_dataset_test.py
============================= test session starts ==============================
platform linux -- Python 3.10.18, pytest-8.4.1, pluggy-1.6.0
cachedir: .tox/dialog_titles/.pytest_cache
rootdir: /sandbox/MountAndBladeWarband/WarbandAssistant
plugins: cases-3.9.1, typeguard-4.4.4
collecting ... collecting 232 items                                                           collected 232 items                                                            

tests/test_parsing_by_datasets/dialog_title_by_dataset_test.py ......... [  3%]
........................................................................ [ 34%]
........................................................................ [ 65%]
........................................................................ [ 96%]
.......                                                                  [100%]

total time    : 21.0200 sec
collec time   : 1.3784 sec
setups time   : 0.0586 sec
calls time    : 19.4436 sec
avg call time : 0.0838 sec
passed        : 232 / 232

============================= 232 passed in 21.02s =============================
dialog_titles: OK ✔ in 21.32 seconds
dialog_relations: commands[0]> pytest tests/test_parsing_by_datasets/dialog_relation_by_dataset_test.py
============================= test session starts ==============================
platform linux -- Python 3.10.18, pytest-8.4.1, pluggy-1.6.0
cachedir: .tox/dialog_relations/.pytest_cache
rootdir: /sandbox/MountAndBladeWarband/WarbandAssistant
plugins: cases-3.9.1, typeguard-4.4.4
collecting ... collected 40 items                                                             

tests/test_parsing_by_datasets/dialog_relation_by_dataset_test.py ...... [ 15%]
..................................                                       [100%]

total time    : 3.5173 sec
collec time   : 0.3545 sec
setups time   : 0.0102 sec
calls time    : 3.1280 sec
avg call time : 0.0782 sec
passed        : 40 / 40

============================== 40 passed in 3.52s ==============================
dialog_relations: OK ✔ in 3.77 seconds
map_calendars: commands[0]> pytest tests/test_parsing_by_datasets/map_calendar_by_dataset_test.py
============================= test session starts ==============================
platform linux -- Python 3.10.18, pytest-8.4.1, pluggy-1.6.0
cachedir: .tox/map_calendars/.pytest_cache
rootdir: /sandbox/MountAndBladeWarband/WarbandAssistant
plugins: cases-3.9.1, typeguard-4.4.4
collecting ... collecting 435 items                                                           collected 435 items                                                            

tests/test_parsing_by_datasets/map_calendar_by_dataset_test.py ......... [  2%]
........................................................................ [ 18%]
........................................................................ [ 35%]
........................................................................ [ 51%]
........................................................................ [ 68%]
........................................................................ [ 84%]
..................................................................       [100%]

total time    : 37.9562 sec
collec time   : 0.9049 sec
setups time   : 0.1447 sec
calls time    : 36.6173 sec
avg call time : 0.0842 sec
passed        : 435 / 435

============================= 435 passed in 37.96s =============================
  smoke: OK (2.92=setup[0.03]+cmd[2.89] seconds)
  dialog_bodies: OK (9.34=setup[0.00]+cmd[9.34] seconds)
  dialog_titles: OK (21.32=setup[0.00]+cmd[21.32] seconds)
  dialog_relations: OK (3.77=setup[0.01]+cmd[3.76] seconds)
  map_calendars: OK (38.24=setup[0.00]+cmd[38.24] seconds)
  congratulations :) (75.63 seconds)

