smoke: commands[0]> pytest --doctest-modules --ignore tests/test_parsing_by_datasets --ignore utils/map_calendars_add_overlapped.py --ignore tox.py
============================= test session starts ==============================
platform linux -- Python 3.10.18, pytest-8.4.1, pluggy-1.6.0
cachedir: .tox/smoke/.pytest_cache
rootdir: /sandbox/MountAndBladeWarband/WarbandAssistant
plugins: cases-3.9.1, typeguard-4.4.4
collecting ... collecting 12 items                                                            collecting 12 items                                                            collecting 12 items                                                            collecting 16 items                                                            collected 16 items                                                             

src/wa_language/Language.py ..                                           [ 12%]
src/wa_language/model/LangKeyChecker.py .                                [ 18%]
src/wa_language/syntax/BinaryExpression.py .                             [ 25%]
src/wa_language/syntax/Identifier.py .                                   [ 31%]
src/wa_language/syntax/IdentifierExpression.py .                         [ 37%]
src/wa_language/syntax/Interpolation.py .                                [ 43%]
src/wa_language/syntax/PlainText.py .                                    [ 50%]
src/wa_language/syntax/expression_parser.py .                            [ 56%]
src/wa_language/syntax/syntax_test.py .                                  [ 62%]
src/wa_types/Box.py ..                                                   [ 75%]
tests/datasets_test.py ....                                              [100%]

============================= 16 passed in 11.86s ==============================
smoke: OK ✔ in 12.24 seconds
dialog_bodies: commands[0]> pytest tests/test_parsing_by_datasets/dialog_body_by_dataset_test.py
============================= test session starts ==============================
platform linux -- Python 3.10.18, pytest-8.4.1, pluggy-1.6.0
cachedir: .tox/dialog_bodies/.pytest_cache
rootdir: /sandbox/MountAndBladeWarband/WarbandAssistant
plugins: cases-3.9.1, typeguard-4.4.4
collecting ... collecting 55 items                                                            collected 55 items                                                             

tests/test_parsing_by_datasets/dialog_body_by_dataset_test.py .......... [ 18%]
.............................................                            [100%]

total time    : 11.8145 sec
collec time   : 3.2280 sec
setups time   : 0.5998 sec
calls time    : 7.9480 sec
avg call time : 0.1445 sec
passed        : 55 / 55

============================= 55 passed in 11.81s ==============================
dialog_bodies: OK ✔ in 12.07 seconds
dialog_titles: commands[0]> pytest tests/test_parsing_by_datasets/dialog_title_by_dataset_test.py
============================= test session starts ==============================
platform linux -- Python 3.10.18, pytest-8.4.1, pluggy-1.6.0
cachedir: .tox/dialog_titles/.pytest_cache
rootdir: /sandbox/MountAndBladeWarband/WarbandAssistant
plugins: cases-3.9.1, typeguard-4.4.4
collecting ... collecting 232 items                                                           collected 232 items                                                            

tests/test_parsing_by_datasets/dialog_title_by_dataset_test.py ......... [  3%]
........................................................................ [ 34%]
........................................................................ [ 65%]
........................................................................ [ 96%]
.......                                                                  [100%]

total time    : 24.4776 sec
collec time   : 3.6249 sec
setups time   : 0.0649 sec
calls time    : 20.6212 sec
avg call time : 0.0889 sec
passed        : 232 / 232

============================= 232 passed in 24.48s =============================
dialog_titles: OK ✔ in 24.77 seconds
dialog_relations: commands[0]> pytest tests/test_parsing_by_datasets/dialog_relation_by_dataset_test.py
============================= test session starts ==============================
platform linux -- Python 3.10.18, pytest-8.4.1, pluggy-1.6.0
cachedir: .tox/dialog_relations/.pytest_cache
rootdir: /sandbox/MountAndBladeWarband/WarbandAssistant
plugins: cases-3.9.1, typeguard-4.4.4
collecting ... collecting 40 items                                                            collected 40 items                                                             

tests/test_parsing_by_datasets/dialog_relation_by_dataset_test.py ...... [ 15%]
..................................                                       [100%]

total time    : 3.8292 sec
collec time   : 0.5937 sec
setups time   : 0.0110 sec
calls time    : 3.1994 sec
avg call time : 0.0800 sec
passed        : 40 / 40

============================== 40 passed in 3.83s ==============================
dialog_relations: OK ✔ in 4.04 seconds
map_calendars: commands[0]> pytest tests/test_parsing_by_datasets/map_calendar_by_dataset_test.py
============================= test session starts ==============================
platform linux -- Python 3.10.18, pytest-8.4.1, pluggy-1.6.0
cachedir: .tox/map_calendars/.pytest_cache
rootdir: /sandbox/MountAndBladeWarband/WarbandAssistant
plugins: cases-3.9.1, typeguard-4.4.4
collecting ... collecting 436 items                                                           collected 436 items                                                            

tests/test_parsing_by_datasets/map_calendar_by_dataset_test.py ......... [  2%]
........................................................................ [ 18%]
........................................................................ [ 35%]
........................................................................ [ 51%]
........................................................................ [ 68%]
........................................................................ [ 84%]
...................................................................      [100%]

total time    : 40.5152 sec
collec time   : 2.3672 sec
setups time   : 0.1429 sec
calls time    : 37.7017 sec
avg call time : 0.0865 sec
passed        : 436 / 436

============================= 436 passed in 40.51s =============================
  smoke: OK (12.24=setup[0.03]+cmd[12.20] seconds)
  dialog_bodies: OK (12.07=setup[0.00]+cmd[12.07] seconds)
  dialog_titles: OK (24.77=setup[0.01]+cmd[24.76] seconds)
  dialog_relations: OK (4.04=setup[0.01]+cmd[4.04] seconds)
  map_calendars: OK (40.79=setup[0.01]+cmd[40.79] seconds)
  congratulations :) (93.95 seconds)

